Messages from application of /Users/seanlaverty/Library/Python/3.9/lib/python/site-packages/pretext/static/xsl/pretext-latex.xsl:
PTX:ERROR:   a cross-reference ("xref") uses references [chap-cont] that do not point to any target.  Maybe you typed an @xml:id value wrong, maybe the target of the @xml:id is nonexistent, or maybe you temporarily removed the target from your source.  Your output will contain some placeholder text that you will not want to distribute to your readers.
             located within: "chap-multi" (xml:id), "Multivariate Probability Distributions and Densities" (title)
PTX:WARNING:    An <xref> requests a 'title' as its text but also provides alternate content.  The construction is deprecated as of 2020-02-18.  Instead, specify that xref/@text should be 'custom', either globally or on a per-xref basis.
             located within: "preface" (xml:id)
PTX:BUG:     Exercise component mis-labeled
PTX:BUG:     Exercise component mis-labeled
PTX:BUG:     Exercise component mis-labeled
PTX:BUG:     Exercise component mis-labeled
PTX:BUG:     Exercise component mis-labeled
PTX:BUG:     Exercise component mis-labeled
PTX:BUG:     Exercise component mis-labeled
PTX:BUG:     Exercise component mis-labeled
PTX:BUG:     Exercise component mis-labeled
PTX:BUG:     Exercise component mis-labeled
PTX:BUG:     Exercise component mis-labeled
PTX:BUG:     Exercise component mis-labeled
PTX:BUG:     Exercise component mis-labeled
PTX:BUG:     Exercise component mis-labeled
PTX:BUG:     Exercise component mis-labeled
PTX:BUG:     Exercise component mis-labeled
PTX:BUG:     Exercise component mis-labeled
PTX:BUG:     Exercise component mis-labeled
PTX:BUG:     Exercise component mis-labeled
PTX:BUG:     Exercise component mis-labeled
PTX:BUG:     Exercise component mis-labeled
PTX:BUG:     Exercise component mis-labeled
PTX:BUG:     Exercise component mis-labeled
PTX:BUG:     Exercise component mis-labeled
PTX:BUG:     Exercise component mis-labeled
PTX:BUG:     Exercise component mis-labeled
PTX:BUG:     Exercise component mis-labeled
PTX:BUG:     Exercise component mis-labeled
PTX:BUG:     Exercise component mis-labeled
PTX:BUG:     Exercise component mis-labeled
PTX:BUG:     Exercise component mis-labeled
