\BOOKMARK [0][-]{chapter.1}{My First Chapter}{}% 1
\BOOKMARK [1][-]{section.1.1}{Limits}{chapter.1}% 2
\BOOKMARK [2][-]{subsection.1.1.1}{Concept of a limit}{section.1.1}% 3
\BOOKMARK [2][-]{subsection.1.1.2}{Computing limits}{section.1.1}% 4
\BOOKMARK [2][-]{subsection.1.1.3}{Limits at infinity}{section.1.1}% 5
\BOOKMARK [2][-]{subsection.1.1.4}{Continuity}{section.1.1}% 6
\BOOKMARK [1][-]{section.1.2}{Derivatives \(Differentiation\)}{chapter.1}% 7
\BOOKMARK [2][-]{subsection.1.2.1}{Rates of change}{section.1.2}% 8
\BOOKMARK [2][-]{subsection.1.2.2}{Basic derivatives}{section.1.2}% 9
\BOOKMARK [2][-]{subsection.1.2.3}{Products and Quotients}{section.1.2}% 10
\BOOKMARK [2][-]{subsection.1.2.4}{Trigonometric functions \(limits and derivative\)}{section.1.2}% 11
\BOOKMARK [2][-]{subsection.1.2.5}{Chain Rule, implicit differentiation, and related rates}{section.1.2}% 12
\BOOKMARK [1][-]{section.1.3}{Integrals \(Integration\)}{chapter.1}% 13
\BOOKMARK [2][-]{subsection.1.3.1}{Antiderivatives and indefinite integrals}{section.1.3}% 14
\BOOKMARK [2][-]{subsection.1.3.2}{u-substitution}{section.1.3}% 15
\BOOKMARK [2][-]{subsection.1.3.3}{Riemann sums, summation notation, and definite integrals}{section.1.3}% 16
\BOOKMARK [2][-]{subsection.1.3.4}{Definite integrals and the Fundamental Theorem of Calculus}{section.1.3}% 17
\BOOKMARK [1][-]{section.1.4}{Applications of derivatives}{chapter.1}% 18
\BOOKMARK [2][-]{subsection.1.4.1}{Intervals of increasing, decreasing, and concavity}{section.1.4}% 19
\BOOKMARK [2][-]{subsection.1.4.2}{Relative and absolute extrema}{section.1.4}% 20
\BOOKMARK [2][-]{subsection.1.4.3}{Applied optimization}{section.1.4}% 21
