INFO    : PreTeXt project found in `/Users/slaverty/GitHub/seanteachesmath.github.io/books/new-pretext-project`.
INFO    : 
INFO    : Since no build target was supplied, the first target of the project.ptx manifest (web) will be built.
WARNING : Assets like latex-images will not be regenerated for this build
WARNING : (previously generated assets will be used if they exist).
WARNING : To generate these assets before building, run `pretext build -g`.
INFO    : Preparing to build into /Users/slaverty/GitHub/seanteachesmath.github.io/books/new-pretext-project/output/web.
INFO    : 
Now building HTML into /Users/slaverty/GitHub/seanteachesmath.github.io/books/new-pretext-project/output/web

INFO    : discovering source file's directory name: /Users/slaverty/GitHub/seanteachesmath.github.io/books/new-pretext-project/source
INFO    : verifying and expanding input directory: /Users/slaverty/GitHub/seanteachesmath.github.io/books/new-pretext-project/source/../generated-assets
INFO    : input directory expanded to absolute path: /Users/slaverty/GitHub/seanteachesmath.github.io/books/new-pretext-project/generated-assets
INFO    : verifying and expanding input directory: /Users/slaverty/GitHub/seanteachesmath.github.io/books/new-pretext-project/source/../assets
INFO    : input directory expanded to absolute path: /Users/slaverty/GitHub/seanteachesmath.github.io/books/new-pretext-project/assets
INFO    : converting /Users/slaverty/GitHub/seanteachesmath.github.io/books/new-pretext-project/source/main.ptx to HTML in /var/folders/hb/k6_ywz5j0hd8rnp5qz7kgkvm0000gn/T/tmpexfcuvun
INFO    : XSL conversion of /Users/slaverty/GitHub/seanteachesmath.github.io/books/new-pretext-project/source/main.ptx by /Users/slaverty/.ptx/xsl/pretext-html.xsl
INFO    : comprehensive messages, warnings, and errors:
INFO    : successful application of /Users/slaverty/.ptx/xsl/pretext-html.xsl
INFO    : 
Success! Run `pretext view web` to see the results.

INFO    : 
