INFO    : PreTeXt project found in `/Users/slaverty/GitHub/seanteachesmath.github.io/books/tech-prof-math-stat`.
WARNING : Project's CLI version could not be detected from `requirements.txt`.
WARNING : Try `pretext init --refresh` to produce a compatible file.
INFO    : Since no build target was supplied, the first target of the project.ptx manifest (html) will be built.
WARNING : Assets like latex-images will not be regenerated for this build
WARNING : (previously generated assets will be used if they exist).
WARNING : To generate these assets before building, run `pretext build -g`.
INFO    : Preparing to build into /Users/slaverty/GitHub/seanteachesmath.github.io/books/tech-prof-math-stat/output/html.
INFO    : 
Now building HTML into /Users/slaverty/GitHub/seanteachesmath.github.io/books/tech-prof-math-stat/output/html

INFO    : discovering source file's directory name: /Users/slaverty/GitHub/seanteachesmath.github.io/books/tech-prof-math-stat/source
INFO    : verifying and expanding input directory: /Users/slaverty/GitHub/seanteachesmath.github.io/books/tech-prof-math-stat/source/../generated-assets
INFO    : input directory expanded to absolute path: /Users/slaverty/GitHub/seanteachesmath.github.io/books/tech-prof-math-stat/generated-assets
INFO    : verifying and expanding input directory: /Users/slaverty/GitHub/seanteachesmath.github.io/books/tech-prof-math-stat/source/../assets
INFO    : input directory expanded to absolute path: /Users/slaverty/GitHub/seanteachesmath.github.io/books/tech-prof-math-stat/assets
INFO    : Runestone Services (via PreTeXt repository): version 6.5.0
INFO    : Runestone Services (using newer, via online CDN query): version 7.1.1
INFO    : converting /Users/slaverty/GitHub/seanteachesmath.github.io/books/tech-prof-math-stat/source/main.ptx to HTML in /var/folders/hb/k6_ywz5j0hd8rnp5qz7kgkvm0000gn/T/tmpf60mwp44
INFO    : XSL conversion of /Users/slaverty/GitHub/seanteachesmath.github.io/books/tech-prof-math-stat/source/main.ptx by /Users/slaverty/.ptx/xsl/pretext-html.xsl
INFO    : comprehensive messages, warnings, and errors:
INFO    : successful application of /Users/slaverty/.ptx/xsl/pretext-html.xsl
INFO    : Removing temporary directory /var/folders/hb/k6_ywz5j0hd8rnp5qz7kgkvm0000gn/T/tmpf60mwp44
INFO    : 
Success! Run `pretext view html` to see the results.

