Messages from application of /Users/seanlaverty/Library/Python/3.7/lib/python/site-packages/pretext/static/xsl/pretext-html.xsl:
PTX:ERROR:   a cross-reference ("xref") uses references [quick::cancer] that do not point to any target.  Maybe you typed an @xml:id value wrong, maybe the target of the @xml:id is nonexistent, or maybe you temporarily removed the target from your source.  Your output will contain some placeholder text that you will not want to distribute to your readers.
             located within: "quick-practice" (xml:id), "Quick practice" (title)
PTX:ERROR:   a cross-reference ("xref") uses references [quick::dbh] that do not point to any target.  Maybe you typed an @xml:id value wrong, maybe the target of the @xml:id is nonexistent, or maybe you temporarily removed the target from your source.  Your output will contain some placeholder text that you will not want to distribute to your readers.
             located within: "quick-practice-1" (xml:id), "Quick practice" (title)
PTX:ERROR:   a cross-reference ("xref") uses references [quick::dbh] that do not point to any target.  Maybe you typed an @xml:id value wrong, maybe the target of the @xml:id is nonexistent, or maybe you temporarily removed the target from your source.  Your output will contain some placeholder text that you will not want to distribute to your readers.
             located within: "quick-practice-1" (xml:id), "Quick practice" (title)
PTX:ERROR:   a cross-reference ("xref") uses references [quick::area] that do not point to any target.  Maybe you typed an @xml:id value wrong, maybe the target of the @xml:id is nonexistent, or maybe you temporarily removed the target from your source.  Your output will contain some placeholder text that you will not want to distribute to your readers.
             located within: "quick-practice-2" (xml:id), "Quick practice" (title)
PTX:ERROR:   a cross-reference ("xref") uses references [quick::area] that do not point to any target.  Maybe you typed an @xml:id value wrong, maybe the target of the @xml:id is nonexistent, or maybe you temporarily removed the target from your source.  Your output will contain some placeholder text that you will not want to distribute to your readers.
             located within: "quick-practice-2" (xml:id), "Quick practice" (title)
PTX:ERROR:   a cross-reference ("xref") uses references [quick::area] that do not point to any target.  Maybe you typed an @xml:id value wrong, maybe the target of the @xml:id is nonexistent, or maybe you temporarily removed the target from your source.  Your output will contain some placeholder text that you will not want to distribute to your readers.
             located within: "quick-practice-2" (xml:id), "Quick practice" (title)
PTX:ERROR:   a cross-reference ("xref") uses references [quick::area] that do not point to any target.  Maybe you typed an @xml:id value wrong, maybe the target of the @xml:id is nonexistent, or maybe you temporarily removed the target from your source.  Your output will contain some placeholder text that you will not want to distribute to your readers.
             located within: "quick-practice-2" (xml:id), "Quick practice" (title)
PTX:ERROR:   a cross-reference ("xref") uses references [thm::combine] that do not point to any target.  Maybe you typed an @xml:id value wrong, maybe the target of the @xml:id is nonexistent, or maybe you temporarily removed the target from your source.  Your output will contain some placeholder text that you will not want to distribute to your readers.
             located within: "polynomials." (xml:id), "Polynomials." (title)
PTX:ERROR:   a cross-reference ("xref") uses references [thm::basic] that do not point to any target.  Maybe you typed an @xml:id value wrong, maybe the target of the @xml:id is nonexistent, or maybe you temporarily removed the target from your source.  Your output will contain some placeholder text that you will not want to distribute to your readers.
             located within: "polynomials." (xml:id), "Polynomials." (title)
PTX:ERROR:   a cross-reference ("xref") uses references [thm::combine] that do not point to any target.  Maybe you typed an @xml:id value wrong, maybe the target of the @xml:id is nonexistent, or maybe you temporarily removed the target from your source.  Your output will contain some placeholder text that you will not want to distribute to your readers.
             located within: "polynomials." (xml:id), "Polynomials." (title)
PTX:ERROR:   a cross-reference ("xref") uses references [ex::limitDNE] that do not point to any target.  Maybe you typed an @xml:id value wrong, maybe the target of the @xml:id is nonexistent, or maybe you temporarily removed the target from your source.  Your output will contain some placeholder text that you will not want to distribute to your readers.
             located within: "quick-practice-5" (xml:id), "Quick practice" (title)
MBX:WARNING:    The @xml:id "the-plan." is invalid.  Use only letters, numbers, hyphens and underscores.
MBX:WARNING:    The @xml:id "mathematics-as-a-language." is invalid.  Use only letters, numbers, hyphens and underscores.
MBX:WARNING:    The @xml:id "basic-motivation." is invalid.  Use only letters, numbers, hyphens and underscores.
MBX:WARNING:    The @xml:id "applied-mathematics." is invalid.  Use only letters, numbers, hyphens and underscores.
MBX:WARNING:    The @xml:id "mathematical-biology." is invalid.  Use only letters, numbers, hyphens and underscores.
MBX:WARNING:    The @xml:id "abstraction." is invalid.  Use only letters, numbers, hyphens and underscores.
MBX:WARNING:    The @xml:id "the-plan.-1" is invalid.  Use only letters, numbers, hyphens and underscores.
MBX:WARNING:    The @xml:id "thinking-about-graphs." is invalid.  Use only letters, numbers, hyphens and underscores.
MBX:WARNING:    The @xml:id "developing-your-own-experiment." is invalid.  Use only letters, numbers, hyphens and underscores.
MBX:WARNING:    The @xml:id "note-composition-of-functions." is invalid.  Use only letters, numbers, hyphens and underscores.
MBX:WARNING:    The @xml:id "inverse-functions." is invalid.  Use only letters, numbers, hyphens and underscores.
MBX:WARNING:    The @xml:id "the-plan.-2" is invalid.  Use only letters, numbers, hyphens and underscores.
MBX:WARNING:    The @xml:id "measurements-have-units-e.g.-cm-pounds-liters." is invalid.  Use only letters, numbers, hyphens and underscores.
MBX:WARNING:    The @xml:id "facts." is invalid.  Use only letters, numbers, hyphens and underscores.
MBX:WARNING:    The @xml:id "volumes-areas-and-other-amounts." is invalid.  Use only letters, numbers, hyphens and underscores.
MBX:WARNING:    The @xml:id "keeping-track-of-units-on-functions." is invalid.  Use only letters, numbers, hyphens and underscores.
MBX:WARNING:    The @xml:id "take-away-messages." is invalid.  Use only letters, numbers, hyphens and underscores.
MBX:WARNING:    The @xml:id "the-plan.-3" is invalid.  Use only letters, numbers, hyphens and underscores.
MBX:WARNING:    The @xml:id "notation." is invalid.  Use only letters, numbers, hyphens and underscores.
MBX:WARNING:    The @xml:id "interpolation." is invalid.  Use only letters, numbers, hyphens and underscores.
MBX:WARNING:    The @xml:id "important-facts-about-linear-functions." is invalid.  Use only letters, numbers, hyphens and underscores.
MBX:WARNING:    The @xml:id "the-plan.-4" is invalid.  Use only letters, numbers, hyphens and underscores.
MBX:WARNING:    The @xml:id "the-exponential-function." is invalid.  Use only letters, numbers, hyphens and underscores.
MBX:WARNING:    The @xml:id "inverses-of-exponential-functions." is invalid.  Use only letters, numbers, hyphens and underscores.
MBX:WARNING:    The @xml:id "a-few-graphs." is invalid.  Use only letters, numbers, hyphens and underscores.
MBX:WARNING:    The @xml:id "the-natural-logarithm." is invalid.  Use only letters, numbers, hyphens and underscores.
MBX:WARNING:    The @xml:id "the-plan.-5" is invalid.  Use only letters, numbers, hyphens and underscores.
MBX:WARNING:    The @xml:id "yeast-growth." is invalid.  Use only letters, numbers, hyphens and underscores.
MBX:WARNING:    The @xml:id "a-solution-formula." is invalid.  Use only letters, numbers, hyphens and underscores.
MBX:WARNING:    The @xml:id "a-graphical-computer." is invalid.  Use only letters, numbers, hyphens and underscores.
MBX:WARNING:    The @xml:id "updating-and-inverses." is invalid.  Use only letters, numbers, hyphens and underscores.
MBX:WARNING:    The @xml:id "deriving-the-doubling-time." is invalid.  Use only letters, numbers, hyphens and underscores.
MBX:WARNING:    The @xml:id "the-plan.-6" is invalid.  Use only letters, numbers, hyphens and underscores.
MBX:WARNING:    The @xml:id "limits." is invalid.  Use only letters, numbers, hyphens and underscores.
MBX:WARNING:    The @xml:id "concept-of-a-limit." is invalid.  Use only letters, numbers, hyphens and underscores.
MBX:WARNING:    The @xml:id "one-and-twosided-limits." is invalid.  Use only letters, numbers, hyphens and underscores.
MBX:WARNING:    The @xml:id "polynomials." is invalid.  Use only letters, numbers, hyphens and underscores.
MBX:WARNING:    The @xml:id "square-roots." is invalid.  Use only letters, numbers, hyphens and underscores.
MBX:WARNING:    The @xml:id "the-plan.-7" is invalid.  Use only letters, numbers, hyphens and underscores.
MBX:WARNING:    The @xml:id "intuitive-definition-of-a-continuous-function." is invalid.  Use only letters, numbers, hyphens and underscores.
MBX:WARNING:    The @xml:id "jumps-and-holes-and-asymptotes." is invalid.  Use only letters, numbers, hyphens and underscores.
MBX:WARNING:    The @xml:id "basic-continuous-functions." is invalid.  Use only letters, numbers, hyphens and underscores.
MBX:WARNING:    The @xml:id "making-new-continuous-functions." is invalid.  Use only letters, numbers, hyphens and underscores.
MBX:WARNING:    The @xml:id "the-plan.-8" is invalid.  Use only letters, numbers, hyphens and underscores.
MBX:WARNING:    The @xml:id "functions-approaching-infty-ordered-by-speed." is invalid.  Use only letters, numbers, hyphens and underscores.
MBX:WARNING:    The @xml:id "functions-approaching-0-ordered-by-speed." is invalid.  Use only letters, numbers, hyphens and underscores.
MBX:WARNING:    The @xml:id "formal-justification." is invalid.  Use only letters, numbers, hyphens and underscores.
MBX:WARNING:    The @xml:id "important-facts." is invalid.  Use only letters, numbers, hyphens and underscores.
MBX:WARNING:    The @xml:id "introduction." is invalid.  Use only letters, numbers, hyphens and underscores.
MBX:WARNING:    The @xml:id "change." is invalid.  Use only letters, numbers, hyphens and underscores.
MBX:WARNING:    The @xml:id "rates-of-change." is invalid.  Use only letters, numbers, hyphens and underscores.
MBX:WARNING:    The @xml:id "lines-secant-lines-and-rates-of-change." is invalid.  Use only letters, numbers, hyphens and underscores.
MBX:WARNING:    The @xml:id "the-plan.-9" is invalid.  Use only letters, numbers, hyphens and underscores.
MBX:WARNING:    The @xml:id "average-and-instantaneous-rates-of-change." is invalid.  Use only letters, numbers, hyphens and underscores.
MBX:WARNING:    The @xml:id "aside-brightarrow-a-vs.-delta-trightarrow-0" is invalid.  Use only letters, numbers, hyphens and underscores.
MBX:WARNING:    The @xml:id "the-derivative." is invalid.  Use only letters, numbers, hyphens and underscores.
MBX:WARNING:    The @xml:id "shorthand." is invalid.  Use only letters, numbers, hyphens and underscores.
MBX:WARNING:    The @xml:id "the-derivative-three-ways." is invalid.  Use only letters, numbers, hyphens and underscores.
MBX:WARNING:    The @xml:id "problem-behaviors." is invalid.  Use only letters, numbers, hyphens and underscores.
MBX:WARNING:    The @xml:id "higher-derivatives." is invalid.  Use only letters, numbers, hyphens and underscores.
MBX:WARNING:    The @xml:id "the-plan.-10" is invalid.  Use only letters, numbers, hyphens and underscores.
MBX:WARNING:    The @xml:id "derivative-of-ex." is invalid.  Use only letters, numbers, hyphens and underscores.
MBX:WARNING:    The @xml:id "fx-from-the-definition." is invalid.  Use only letters, numbers, hyphens and underscores.
MBX:WARNING:    The @xml:id "surprising-facts-about-ex." is invalid.  Use only letters, numbers, hyphens and underscores.
MBX:WARNING:    The @xml:id "derivative-of-the-natural-logarithm-function-lnx." is invalid.  Use only letters, numbers, hyphens and underscores.
MBX:WARNING:    The @xml:id "consequences." is invalid.  Use only letters, numbers, hyphens and underscores.
MBX:WARNING:    The @xml:id "the-plan.-11" is invalid.  Use only letters, numbers, hyphens and underscores.
MBX:WARNING:    The @xml:id "many-derivatives." is invalid.  Use only letters, numbers, hyphens and underscores.
MBX:WARNING:    The @xml:id "the-art-of-compositions." is invalid.  Use only letters, numbers, hyphens and underscores.
MBX:WARNING:    The @xml:id "hint." is invalid.  Use only letters, numbers, hyphens and underscores.
MBX:WARNING:    The @xml:id "the-plan.-12" is invalid.  Use only letters, numbers, hyphens and underscores.
MBX:WARNING:    The @xml:id "common-products-and-ratios-in-science." is invalid.  Use only letters, numbers, hyphens and underscores.
MBX:WARNING:    The @xml:id "the-plan.-13" is invalid.  Use only letters, numbers, hyphens and underscores.
MBX:WARNING:    The @xml:id "a-hint-about-quadratics." is invalid.  Use only letters, numbers, hyphens and underscores.
MBX:WARNING:    The @xml:id "a-help-when-sketching." is invalid.  Use only letters, numbers, hyphens and underscores.
MBX:WARNING:    The @xml:id "a-famous-example-from-physics." is invalid.  Use only letters, numbers, hyphens and underscores.
MBX:WARNING:    The @xml:id "critical-points-and-second-derivatives." is invalid.  Use only letters, numbers, hyphens and underscores.
MBX:WARNING:    The @xml:id "derivatives-and-important-points." is invalid.  Use only letters, numbers, hyphens and underscores.
MBX:WARNING:    The @xml:id "biological-and-scientific-applications." is invalid.  Use only letters, numbers, hyphens and underscores.
MBX:WARNING:    The @xml:id "the-plan.-14" is invalid.  Use only letters, numbers, hyphens and underscores.
MBX:WARNING:    The @xml:id "applications-of-derivatives-differential-equations." is invalid.  Use only letters, numbers, hyphens and underscores.
MBX:WARNING:    The @xml:id "methods." is invalid.  Use only letters, numbers, hyphens and underscores.
MBX:WARNING:    The @xml:id "notation-for-pure-time-des." is invalid.  Use only letters, numbers, hyphens and underscores.
MBX:WARNING:    The @xml:id "the-plan.-15" is invalid.  Use only letters, numbers, hyphens and underscores.
MBX:WARNING:    The @xml:id "evaluating-complicated-integrals." is invalid.  Use only letters, numbers, hyphens and underscores.
MBX:WARNING:    The @xml:id "derivatives-of-ex-and-lnx." is invalid.  Use only letters, numbers, hyphens and underscores.
MBX:WARNING:    The @xml:id "facts-about-ex-and-lnx." is invalid.  Use only letters, numbers, hyphens and underscores.
MBX:WARNING:    The @xml:id "undoing-differentiation-by-the-chain-rule." is invalid.  Use only letters, numbers, hyphens and underscores.
MBX:WARNING:    The @xml:id "warning." is invalid.  Use only letters, numbers, hyphens and underscores.
MBX:WARNING:    The @xml:id "the-plan.-16" is invalid.  Use only letters, numbers, hyphens and underscores.
MBX:WARNING:    The @xml:id "position-from-velocity." is invalid.  Use only letters, numbers, hyphens and underscores.
MBX:WARNING:    The @xml:id "new-twist." is invalid.  Use only letters, numbers, hyphens and underscores.
MBX:WARNING:    The @xml:id "key-observations." is invalid.  Use only letters, numbers, hyphens and underscores.
MBX:WARNING:    The @xml:id "the-plan.-17" is invalid.  Use only letters, numbers, hyphens and underscores.
MBX:WARNING:    The @xml:id "a-problem." is invalid.  Use only letters, numbers, hyphens and underscores.
MBX:WARNING:    The @xml:id "the-plan.-18" is invalid.  Use only letters, numbers, hyphens and underscores.
MBX:WARNING:    The @xml:id "background." is invalid.  Use only letters, numbers, hyphens and underscores.
MBX:WARNING:    The @xml:id "zeroth-order." is invalid.  Use only letters, numbers, hyphens and underscores.
MBX:WARNING:    The @xml:id "first-order." is invalid.  Use only letters, numbers, hyphens and underscores.
MBX:WARNING:    The @xml:id "first-order---revisited." is invalid.  Use only letters, numbers, hyphens and underscores.
MBX:WARNING:    The @xml:id "second-order." is invalid.  Use only letters, numbers, hyphens and underscores.
MBX:WARNING:    The @xml:id "summary." is invalid.  Use only letters, numbers, hyphens and underscores.
MBX:WARNING:    The @xml:id "the-plan.-19" is invalid.  Use only letters, numbers, hyphens and underscores.
MBX:WARNING:    The @xml:id "historical-examples." is invalid.  Use only letters, numbers, hyphens and underscores.
MBX:WARNING:    The @xml:id "dynamics-and-stability." is invalid.  Use only letters, numbers, hyphens and underscores.
MBX:WARNING:    The @xml:id "sample-solutions." is invalid.  Use only letters, numbers, hyphens and underscores.
MBX:WARNING:    The @xml:id "conclusions." is invalid.  Use only letters, numbers, hyphens and underscores.
MBX:WARNING:    The @xml:id "sample-solutions.-1" is invalid.  Use only letters, numbers, hyphens and underscores.
MBX:WARNING:    The @xml:id "conclusions.-1" is invalid.  Use only letters, numbers, hyphens and underscores.
MBX:WARNING:    The @xml:id "ricker-model." is invalid.  Use only letters, numbers, hyphens and underscores.
MBX:WARNING:    The @xml:id "analysis-of-the-ricker-dtds." is invalid.  Use only letters, numbers, hyphens and underscores.
MBX:WARNING:    The @xml:id "discrete-logistic." is invalid.  Use only letters, numbers, hyphens and underscores.
MBX:WARNING:    The @xml:id "note-on-modeling." is invalid.  Use only letters, numbers, hyphens and underscores.
MBX:WARNING:    The @xml:id "the-plan.-20" is invalid.  Use only letters, numbers, hyphens and underscores.
MBX:DEPRECATE: (2019-06-28) the "table" element needs a "title", not a "caption".  An existing "caption" will be used instead.  Both will display below the "tabular" (17 times)
             located within: "notation." (xml:id), "Notation." (title)
             located within: "polynomials." (xml:id), "Polynomials." (title)
             located within: "functions-approaching-infty-ordered-by-speed." (xml:id), "Functions approaching \infty, ordered by speed." (title)
             located within: "functions-approaching-0-ordered-by-speed." (xml:id), "Functions approaching 0, ordered by speed." (title)
             located within: "summary-of-behaviors-as-xto-infty" (xml:id), "Summary of behaviors as x\to \infty" (title)
             located within: "summary-of-behaviors-as-xto-infty" (xml:id), "Summary of behaviors as x\to \infty" (title)
             located within: "the-derivative-three-ways." (xml:id), "The derivative – three ways." (title)
             located within: "derivatives-describe-behavior" (xml:id), "Derivatives describe behavior" (title)
             located within: "the-art-of-compositions." (xml:id), "The art of compositions." (title)
             located within: "a-famous-example-from-physics." (xml:id), "A famous example from physics." (title)
             located within: "facts-about-derivatives" (xml:id), "Facts about derivatives" (title)
             located within: "facts-about-derivatives" (xml:id), "Facts about derivatives" (title)
             located within: "methods." (xml:id), "Methods." (title)
             located within: "justification-average-value-formula" (xml:id), "Justification – average value formula" (title)
             located within: "autonomous-differential-equations" (xml:id), "Autonomous differential equations" (title)
             located within: "autonomous-differential-equations" (xml:id), "Autonomous differential equations" (title)
             located within: "functions-and-derivatives" (xml:id), "Functions and derivatives" (title)
--------------
