\BOOKMARK [0][-]{chapter*.1}{Acknowledgements}{}% 1
\BOOKMARK [0][-]{chapter*.2}{Preface}{}% 2
\BOOKMARK [0][-]{chapter*.3}{Contributors to the 0th Edition}{}% 3
\BOOKMARK [0][-]{chapter.1}{Counting}{}% 4
\BOOKMARK [1][-]{section.1.1}{Counting}{chapter.1}% 5
\BOOKMARK [0][-]{chapter.2}{Probability}{}% 6
\BOOKMARK [1][-]{section.2.1}{Probability}{chapter.2}% 7
\BOOKMARK [0][-]{chapter.3}{Discrete Random Variables}{}% 8
\BOOKMARK [1][-]{section.3.1}{Probability distributions}{chapter.3}% 9
\BOOKMARK [1][-]{section.3.2}{Mathematical expectation of discrete random variables}{chapter.3}% 10
\BOOKMARK [1][-]{section.3.3}{Special probability distributions}{chapter.3}% 11
\BOOKMARK [1][-]{section.3.4}{Multivariate discrete random variables}{chapter.3}% 12
\BOOKMARK [0][-]{chapter.4}{Continuous Random Variables}{}% 13
\BOOKMARK [1][-]{section.4.1}{Probability densities}{chapter.4}% 14
\BOOKMARK [1][-]{section.4.2}{Expectation of continuous random variables}{chapter.4}% 15
\BOOKMARK [1][-]{section.4.3}{Special probability densities}{chapter.4}% 16
\BOOKMARK [1][-]{section.4.4}{Multivariate continuous random variables}{chapter.4}% 17
\BOOKMARK [0][-]{appendix.A}{Definitions}{}% 18
\BOOKMARK [0][-]{appendix.B}{Theorems}{}% 19
\BOOKMARK [0][-]{appendix.C}{Examples}{}% 20
\BOOKMARK [0][-]{appendix.D}{GNU Free Documentation License}{}% 21
