Messages from application of /Users/slaverty/.local/lib/python3.7/site-packages/pretext/static/xsl/pretext-html.xsl:
PTX:ERROR:   a cross-reference ("xref") uses references [fig::phase] that do not point to any target.  Maybe you typed an @xml:id value wrong, maybe the target of the @xml:id is nonexistent, or maybe you temporarily removed the target from your source.  Your output will contain some placeholder text that you will not want to distribute to your readers.
             located within: "continuous-time-models" (xml:id), "Continuous-time models" (title)
PTX:ERROR:   a cross-reference ("xref") uses references [fig::phase] that do not point to any target.  Maybe you typed an @xml:id value wrong, maybe the target of the @xml:id is nonexistent, or maybe you temporarily removed the target from your source.  Your output will contain some placeholder text that you will not want to distribute to your readers.
             located within: "a-disease-model" (xml:id), "A disease model" (title)
PTX:ERROR:   a cross-reference ("xref") uses references [fig::pred_prey_pp] that do not point to any target.  Maybe you typed an @xml:id value wrong, maybe the target of the @xml:id is nonexistent, or maybe you temporarily removed the target from your source.  Your output will contain some placeholder text that you will not want to distribute to your readers.
             located within: "derivation-of-a-functional-response" (xml:id), "Derivation of a functional response" (title)
PTX:ERROR:   a cross-reference ("xref") uses references [fig::pred_prey_pp] that do not point to any target.  Maybe you typed an @xml:id value wrong, maybe the target of the @xml:id is nonexistent, or maybe you temporarily removed the target from your source.  Your output will contain some placeholder text that you will not want to distribute to your readers.
             located within: "derivation-of-a-functional-response" (xml:id), "Derivation of a functional response" (title)
PTX:ERROR:   a cross-reference ("xref") uses references [fig::pred_prey] that do not point to any target.  Maybe you typed an @xml:id value wrong, maybe the target of the @xml:id is nonexistent, or maybe you temporarily removed the target from your source.  Your output will contain some placeholder text that you will not want to distribute to your readers.
             located within: "derivation-of-a-functional-response" (xml:id), "Derivation of a functional response" (title)
PTX:ERROR:   a cross-reference ("xref") uses references [fig::Aonly] that do not point to any target.  Maybe you typed an @xml:id value wrong, maybe the target of the @xml:id is nonexistent, or maybe you temporarily removed the target from your source.  Your output will contain some placeholder text that you will not want to distribute to your readers.
             located within: "method" (xml:id), "Method" (title)
PTX:ERROR:   a cross-reference ("xref") uses references [fig::Saddle] that do not point to any target.  Maybe you typed an @xml:id value wrong, maybe the target of the @xml:id is nonexistent, or maybe you temporarily removed the target from your source.  Your output will contain some placeholder text that you will not want to distribute to your readers.
             located within: "method" (xml:id), "Method" (title)
PTX:ERROR:   a cross-reference ("xref") uses references [fig::sir_flow] that do not point to any target.  Maybe you typed an @xml:id value wrong, maybe the target of the @xml:id is nonexistent, or maybe you temporarily removed the target from your source.  Your output will contain some placeholder text that you will not want to distribute to your readers.
             located within: "example1-sir-models" (xml:id), "SIR models" (title)
PTX:ERROR:   a cross-reference ("xref") uses references [fig::PP_units] that do not point to any target.  Maybe you typed an @xml:id value wrong, maybe the target of the @xml:id is nonexistent, or maybe you temporarily removed the target from your source.  Your output will contain some placeholder text that you will not want to distribute to your readers.
             located within: "example-predator-prey" (xml:id), "Predator - Prey equations" (title)
PTX:ERROR:   a cross-reference ("xref") uses references [fig::nutrient_recept] that do not point to any target.  Maybe you typed an @xml:id value wrong, maybe the target of the @xml:id is nonexistent, or maybe you temporarily removed the target from your source.  Your output will contain some placeholder text that you will not want to distribute to your readers.
             located within: "michaelis-menten-kinetics" (xml:id), "Michaelis-Menten kinetics" (title)
PTX:ERROR:   a cross-reference ("xref") uses references [fig::mm_kinetics] that do not point to any target.  Maybe you typed an @xml:id value wrong, maybe the target of the @xml:id is nonexistent, or maybe you temporarily removed the target from your source.  Your output will contain some placeholder text that you will not want to distribute to your readers.
             located within: "michaelis-menten-kinetics" (xml:id), "Michaelis-Menten kinetics" (title)
PTX:ERROR:   a cross-reference ("xref") uses references [fig::det_stoch] that do not point to any target.  Maybe you typed an @xml:id value wrong, maybe the target of the @xml:id is nonexistent, or maybe you temporarily removed the target from your source.  Your output will contain some placeholder text that you will not want to distribute to your readers.
             located within: "deterministic-or-stochastic-models" (xml:id), "Deterministic or stochastic models" (title)
PTX:ERROR:   a cross-reference ("xref") uses references [fig::bdp] that do not point to any target.  Maybe you typed an @xml:id value wrong, maybe the target of the @xml:id is nonexistent, or maybe you temporarily removed the target from your source.  Your output will contain some placeholder text that you will not want to distribute to your readers.
             located within: "motivation" (xml:id), "Motivation" (title)
PTX:ERROR:   a cross-reference ("xref") uses references [fig::bdp] that do not point to any target.  Maybe you typed an @xml:id value wrong, maybe the target of the @xml:id is nonexistent, or maybe you temporarily removed the target from your source.  Your output will contain some placeholder text that you will not want to distribute to your readers.
             located within: "motivation" (xml:id), "Motivation" (title)
PTX:ERROR:   a cross-reference ("xref") uses references [fig::death_sim] that do not point to any target.  Maybe you typed an @xml:id value wrong, maybe the target of the @xml:id is nonexistent, or maybe you temporarily removed the target from your source.  Your output will contain some placeholder text that you will not want to distribute to your readers.
             located within: "a-coin-flipping-exercise" (xml:id), "A coin-flipping
exercise" (title)
PTX:ERROR:   a cross-reference ("xref") uses references [fig::bdp2] that do not point to any target.  Maybe you typed an @xml:id value wrong, maybe the target of the @xml:id is nonexistent, or maybe you temporarily removed the target from your source.  Your output will contain some placeholder text that you will not want to distribute to your readers.
             located within: "bold-claim-revisited" (xml:id), "Bold claim revisited" (title)
PTX:ERROR:   a cross-reference ("xref") uses references [fig::bdp2] that do not point to any target.  Maybe you typed an @xml:id value wrong, maybe the target of the @xml:id is nonexistent, or maybe you temporarily removed the target from your source.  Your output will contain some placeholder text that you will not want to distribute to your readers.
             located within: "bold-claim-revisited" (xml:id), "Bold claim revisited" (title)
PTX:ERROR:   a cross-reference ("xref") uses references [fig::bdp_result] that do not point to any target.  Maybe you typed an @xml:id value wrong, maybe the target of the @xml:id is nonexistent, or maybe you temporarily removed the target from your source.  Your output will contain some placeholder text that you will not want to distribute to your readers.
             located within: "bold-claim-revisited" (xml:id), "Bold claim revisited" (title)
PTX:ERROR:   a cross-reference ("xref") uses references [fig::death_sim] that do not point to any target.  Maybe you typed an @xml:id value wrong, maybe the target of the @xml:id is nonexistent, or maybe you temporarily removed the target from your source.  Your output will contain some placeholder text that you will not want to distribute to your readers.
             located within: "bold-claim-revisited" (xml:id), "Bold claim revisited" (title)
PTX:ERROR:   a cross-reference ("xref") uses references [tab::dandelion_grow] that do not point to any target.  Maybe you typed an @xml:id value wrong, maybe the target of the @xml:id is nonexistent, or maybe you temporarily removed the target from your source.  Your output will contain some placeholder text that you will not want to distribute to your readers.
             located within: "example-plants" (xml:id), "Example" (title)
PTX:ERROR:   a cross-reference ("xref") uses references [fig::dandelion] that do not point to any target.  Maybe you typed an @xml:id value wrong, maybe the target of the @xml:id is nonexistent, or maybe you temporarily removed the target from your source.  Your output will contain some placeholder text that you will not want to distribute to your readers.
             located within: "example-plants" (xml:id), "Example" (title)
PTX:ERROR:   a cross-reference ("xref") uses references [fig::dandelion2] that do not point to any target.  Maybe you typed an @xml:id value wrong, maybe the target of the @xml:id is nonexistent, or maybe you temporarily removed the target from your source.  Your output will contain some placeholder text that you will not want to distribute to your readers.
             located within: "example-immigration" (xml:id), "Growth with import" (title)
PTX:ERROR:   a cross-reference ("xref") uses references [fig::elr_eig] that do not point to any target.  Maybe you typed an @xml:id value wrong, maybe the target of the @xml:id is nonexistent, or maybe you temporarily removed the target from your source.  Your output will contain some placeholder text that you will not want to distribute to your readers.
             located within: "example-matrix-model" (xml:id), "A matrix model" (title)
PTX:ERROR:   a cross-reference ("xref") uses references [fig::elr_eig] that do not point to any target.  Maybe you typed an @xml:id value wrong, maybe the target of the @xml:id is nonexistent, or maybe you temporarily removed the target from your source.  Your output will contain some placeholder text that you will not want to distribute to your readers.
             located within: "question.-1" (xml:id), "Question." (title)
PTX:ERROR:   a cross-reference ("xref") uses references [fig::SAD] that do not point to any target.  Maybe you typed an @xml:id value wrong, maybe the target of the @xml:id is nonexistent, or maybe you temporarily removed the target from your source.  Your output will contain some placeholder text that you will not want to distribute to your readers.
             located within: "question.-2" (xml:id), "Question." (title)
PTX:ERROR:   a cross-reference ("xref") uses references [fig::exac_app] that do not point to any target.  Maybe you typed an @xml:id value wrong, maybe the target of the @xml:id is nonexistent, or maybe you temporarily removed the target from your source.  Your output will contain some placeholder text that you will not want to distribute to your readers.
             located within: "answer.-1" (xml:id), "Answer." (title)
PTX:ERROR:   a cross-reference ("xref") uses references [fig::pcp] that do not point to any target.  Maybe you typed an @xml:id value wrong, maybe the target of the @xml:id is nonexistent, or maybe you temporarily removed the target from your source.  Your output will contain some placeholder text that you will not want to distribute to your readers.
             located within: "per-capita-production-and-nonlinear-effects" (xml:id), "per capita production and nonlinear effects" (title)
PTX:ERROR:   a cross-reference ("xref") uses references [fig::pcp] that do not point to any target.  Maybe you typed an @xml:id value wrong, maybe the target of the @xml:id is nonexistent, or maybe you temporarily removed the target from your source.  Your output will contain some placeholder text that you will not want to distribute to your readers.
             located within: "per-capita-production-and-nonlinear-effects" (xml:id), "per capita production and nonlinear effects" (title)
PTX:ERROR:   a cross-reference ("xref") uses references [fig::nonlin_upd] that do not point to any target.  Maybe you typed an @xml:id value wrong, maybe the target of the @xml:id is nonexistent, or maybe you temporarily removed the target from your source.  Your output will contain some placeholder text that you will not want to distribute to your readers.
             located within: "per-capita-production-and-nonlinear-effects" (xml:id), "per capita production and nonlinear effects" (title)
PTX:ERROR:   a cross-reference ("xref") uses references [fig::upd] that do not point to any target.  Maybe you typed an @xml:id value wrong, maybe the target of the @xml:id is nonexistent, or maybe you temporarily removed the target from your source.  Your output will contain some placeholder text that you will not want to distribute to your readers.
             located within: "per-capita-production-and-nonlinear-effects" (xml:id), "per capita production and nonlinear effects" (title)
PTX:ERROR:   a cross-reference ("xref") uses references [fig::pcp] that do not point to any target.  Maybe you typed an @xml:id value wrong, maybe the target of the @xml:id is nonexistent, or maybe you temporarily removed the target from your source.  Your output will contain some placeholder text that you will not want to distribute to your readers.
             located within: "example-ricker" (xml:id), "Ricker Model" (title)
PTX:ERROR:   a cross-reference ("xref") uses references [fig::pcp] that do not point to any target.  Maybe you typed an @xml:id value wrong, maybe the target of the @xml:id is nonexistent, or maybe you temporarily removed the target from your source.  Your output will contain some placeholder text that you will not want to distribute to your readers.
             located within: "example-ricker" (xml:id), "Ricker Model" (title)
PTX:ERROR:   a cross-reference ("xref") uses references [fig::upd] that do not point to any target.  Maybe you typed an @xml:id value wrong, maybe the target of the @xml:id is nonexistent, or maybe you temporarily removed the target from your source.  Your output will contain some placeholder text that you will not want to distribute to your readers.
             located within: "example-ricker" (xml:id), "Ricker Model" (title)
PTX:ERROR:   a cross-reference ("xref") uses references [fig::f3_rmax] that do not point to any target.  Maybe you typed an @xml:id value wrong, maybe the target of the @xml:id is nonexistent, or maybe you temporarily removed the target from your source.  Your output will contain some placeholder text that you will not want to distribute to your readers.
             located within: "example-ricker" (xml:id), "Ricker Model" (title)
PTX:ERROR:   a cross-reference ("xref") uses references [fig::pcp_upd] that do not point to any target.  Maybe you typed an @xml:id value wrong, maybe the target of the @xml:id is nonexistent, or maybe you temporarily removed the target from your source.  Your output will contain some placeholder text that you will not want to distribute to your readers.
             located within: "review-p.c.p.-vs.-the-updating-function" (xml:id), "Review: p.c.p. vs. the updating function" (title)
PTX:ERROR:   a cross-reference ("xref") uses references [fig::rick_bif] that do not point to any target.  Maybe you typed an @xml:id value wrong, maybe the target of the @xml:id is nonexistent, or maybe you temporarily removed the target from your source.  Your output will contain some placeholder text that you will not want to distribute to your readers.
             located within: "example-cont" (xml:id), "Continued analysis of the Ricker
Model" (title)
PTX:ERROR:   a cross-reference ("xref") uses references [fig::roots] that do not point to any target.  Maybe you typed an @xml:id value wrong, maybe the target of the @xml:id is nonexistent, or maybe you temporarily removed the target from your source.  Your output will contain some placeholder text that you will not want to distribute to your readers.
             located within: "stability" (xml:id), "Stability" (title)
PTX:ERROR:   a cross-reference ("xref") uses references [fig::tri] that do not point to any target.  Maybe you typed an @xml:id value wrong, maybe the target of the @xml:id is nonexistent, or maybe you temporarily removed the target from your source.  Your output will contain some placeholder text that you will not want to distribute to your readers.
             located within: "nicholson-bailey" (xml:id), "Nicholson-Bailey" (title)
PTX:ERROR:   a cross-reference ("xref") uses references [fig::NBsols] that do not point to any target.  Maybe you typed an @xml:id value wrong, maybe the target of the @xml:id is nonexistent, or maybe you temporarily removed the target from your source.  Your output will contain some placeholder text that you will not want to distribute to your readers.
<<<<<<< HEAD
             located within: "example-nicholson-bailey" (xml:id), "Nicholson-Bailey
model" (title)
=======
             located within: "a-quick-example" (xml:id), "A quick
	example." (title)
MBX:WARNING:    The @xml:id "disclaimer." is invalid.  Use only letters, numbers, hyphens and underscores.
MBX:WARNING:    The @xml:id "biological-science-vs.-physical-science" is invalid.  Use only letters, numbers, hyphens and underscores.
MBX:WARNING:    The @xml:id "definition-equilibrium-point." is invalid.  Use only letters, numbers, hyphens and underscores.
MBX:WARNING:    The @xml:id "definition-stable-equilibrium-point." is invalid.  Use only letters, numbers, hyphens and underscores.
MBX:WARNING:    The @xml:id "definition-unstable-equilibrium-point." is invalid.  Use only letters, numbers, hyphens and underscores.
MBX:WARNING:    The @xml:id "equilibrium-assumption-vs.-the-quasi-steady-state-assumption" is invalid.  Use only letters, numbers, hyphens and underscores.
<<<<<<< Updated upstream
=======
>>>>>>> bc982451ee23869b93e736ef02fb66e6434a65f4
>>>>>>> Stashed changes
MBX:WARNING:    The @xml:id "computational-trick." is invalid.  Use only letters, numbers, hyphens and underscores.
MBX:WARNING:    The @xml:id "question." is invalid.  Use only letters, numbers, hyphens and underscores.
MBX:WARNING:    The @xml:id "question.-1" is invalid.  Use only letters, numbers, hyphens and underscores.
MBX:WARNING:    The @xml:id "answer." is invalid.  Use only letters, numbers, hyphens and underscores.
MBX:WARNING:    The @xml:id "question.-2" is invalid.  Use only letters, numbers, hyphens and underscores.
MBX:WARNING:    The @xml:id "answer.-1" is invalid.  Use only letters, numbers, hyphens and underscores.
MBX:WARNING:    The @xml:id "review-p.c.p.-vs.-the-updating-function" is invalid.  Use only letters, numbers, hyphens and underscores.
MBX:WARNING:    The @xml:id "an-approach-to-nonlinear-multi-species-dynamics." is invalid.  Use only letters, numbers, hyphens and underscores.
MBX:WARNING: A section containing subsections needs to have other content inside an <introduction> and/or  <conclusion>.
             located within: "what-is-dtds" (xml:id), "What is a discrete-time dynamical system?" (title)
MBX:DEPRECATE: (2019-06-28) the "table" element needs a "title", not a "caption".  An existing "caption" will be used instead.  Both will display below the "tabular" (9 times)
             located within: "example-predator-prey" (xml:id), "Predator - Prey equations" (title)
             located within: "example-plants" (xml:id), "Example" (title)
             located within: "example-plants" (xml:id), "Example" (title)
             located within: "example-plants" (xml:id), "Example" (title)
             located within: "example-plants" (xml:id), "Example" (title)
             located within: "matrix-models-2d-linear-discrete-time-dynamics" (xml:id), "Matrix models: 2D, Linear, Discrete-time Dynamics" (title)
             located within: "matrix-models-2d-linear-discrete-time-dynamics" (xml:id), "Matrix models: 2D, Linear, Discrete-time Dynamics" (title)
             located within: "matrix-models-2d-linear-discrete-time-dynamics" (xml:id), "Matrix models: 2D, Linear, Discrete-time Dynamics" (title)
             located within: "example-2" (xml:id), "Example" (title)
--------------
